<?xml version="1.0" encoding="UTF-8"?>
<testsuite name="IntroLabTest" tests="1" skipped="0" failures="0" errors="0" timestamp="2022-09-12T21:55:52" hostname="Yumnas-MacBook-Pro.local" time="0.068">
  <properties/>
  <testcase name="testExampleStudent" classname="IntroLabTest" time="0.068"/>
  <system-out><![CDATA[]]></system-out>
  <system-err><![CDATA[]]></system-err>
</testsuite>
